

Started GET "/" for 127.0.0.1 at 2012-05-19 22:18:30 -0300
Processing by HomeController#index as HTML
  Rendered home/index.html.erb within layouts/application (2.0ms)
Compiled home.css  (6ms)  (pid 28285)
Compiled application.css  (13ms)  (pid 28285)
Compiled jquery.js  (2ms)  (pid 28285)
Compiled jquery_ujs.js  (0ms)  (pid 28285)
Compiled home.js  (153ms)  (pid 28285)
Compiled application.js  (195ms)  (pid 28285)
Completed 200 OK in 276ms (Views: 275.7ms | ActiveRecord: 0.0ms)


Started GET "/assets/application.css?body=1" for 127.0.0.1 at 2012-05-19 22:18:31 -0300
Served asset /application.css - 200 OK (14ms)


Started GET "/assets/home.css?body=1" for 127.0.0.1 at 2012-05-19 22:18:31 -0300
Served asset /home.css - 200 OK (5ms)


Started GET "/assets/jquery_ujs.js?body=1" for 127.0.0.1 at 2012-05-19 22:18:31 -0300
Served asset /jquery_ujs.js - 200 OK (5ms)


Started GET "/assets/jquery.js?body=1" for 127.0.0.1 at 2012-05-19 22:18:31 -0300
Served asset /jquery.js - 200 OK (4ms)


Started GET "/assets/application.js?body=1" for 127.0.0.1 at 2012-05-19 22:18:31 -0300
Served asset /application.js - 200 OK (8ms)


Started GET "/assets/home.js?body=1" for 127.0.0.1 at 2012-05-19 22:18:31 -0300
Served asset /home.js - 200 OK (1ms)


Started GET "/" for 127.0.0.1 at 2012-05-19 22:56:29 -0300
Processing by HomeController#index as HTML
  Rendered home/index.html.erb within layouts/application (0.0ms)
Completed 200 OK in 5ms (Views: 5.0ms | ActiveRecord: 0.0ms)


Started GET "/assets/application.css?body=1" for 127.0.0.1 at 2012-05-19 22:56:29 -0300
Served asset /application.css - 200 OK (0ms)


Started GET "/assets/home.css?body=1" for 127.0.0.1 at 2012-05-19 22:56:29 -0300
Served asset /home.css - 200 OK (0ms)


Started GET "/assets/jquery.js?body=1" for 127.0.0.1 at 2012-05-19 22:56:29 -0300
Served asset /jquery.js - 200 OK (4ms)


Started GET "/assets/jquery_ujs.js?body=1" for 127.0.0.1 at 2012-05-19 22:56:29 -0300
Served asset /jquery_ujs.js - 200 OK (0ms)


Started GET "/assets/home.js?body=1" for 127.0.0.1 at 2012-05-19 22:56:29 -0300
Served asset /home.js - 200 OK (0ms)


Started GET "/assets/application.js?body=1" for 127.0.0.1 at 2012-05-19 22:56:29 -0300
Served asset /application.js - 200 OK (2ms)


Started GET "/" for 127.0.0.1 at 2012-05-19 23:11:07 -0300
Processing by HomeController#index as HTML
  Rendered home/index.html.erb within layouts/application (0.1ms)
Compiled global.css  (36ms)  (pid 28285)
Compiled layout.css  (3ms)  (pid 28285)
Compiled application.css  (52ms)  (pid 28285)
Compiled main.js  (124ms)  (pid 28285)
Compiled application.js  (156ms)  (pid 28285)
Completed 200 OK in 257ms (Views: 256.9ms | ActiveRecord: 0.0ms)


Started GET "/assets/application.css?body=1" for 127.0.0.1 at 2012-05-19 23:11:07 -0300
Served asset /application.css - 200 OK (13ms)


Started GET "/assets/global.css?body=1" for 127.0.0.1 at 2012-05-19 23:11:08 -0300
Served asset /global.css - 200 OK (2ms)


Started GET "/assets/home.css?body=1" for 127.0.0.1 at 2012-05-19 23:11:08 -0300
Served asset /home.css - 200 OK (0ms)


Started GET "/assets/layout.css?body=1" for 127.0.0.1 at 2012-05-19 23:11:08 -0300
Served asset /layout.css - 200 OK (2ms)


Started GET "/assets/jquery.js?body=1" for 127.0.0.1 at 2012-05-19 23:11:08 -0300
Served asset /jquery.js - 200 OK (4ms)


Started GET "/assets/jquery_ujs.js?body=1" for 127.0.0.1 at 2012-05-19 23:11:08 -0300
Served asset /jquery_ujs.js - 200 OK (0ms)


Started GET "/assets/home.js?body=1" for 127.0.0.1 at 2012-05-19 23:11:08 -0300
Served asset /home.js - 200 OK (0ms)


Started GET "/assets/main.js?body=1" for 127.0.0.1 at 2012-05-19 23:11:08 -0300
Served asset /main.js - 200 OK (2ms)


Started GET "/assets/application.js?body=1" for 127.0.0.1 at 2012-05-19 23:11:08 -0300
Served asset /application.js - 200 OK (8ms)


Started GET "/" for 127.0.0.1 at 2012-05-19 23:17:08 -0300
Processing by HomeController#index as HTML
  Rendered home/index.html.erb within layouts/application (0.1ms)
Completed 200 OK in 14ms (Views: 13.2ms | ActiveRecord: 0.0ms)


Started GET "/assets/application.css" for 127.0.0.1 at 2012-05-19 23:17:08 -0300
Served asset /application.css - 404 Not Found (5ms)

ActionController::RoutingError (No route matches [GET] "/assets/application.css"):
  actionpack (3.2.3) lib/action_dispatch/middleware/debug_exceptions.rb:21:in `call'
  actionpack (3.2.3) lib/action_dispatch/middleware/show_exceptions.rb:56:in `call'
  railties (3.2.3) lib/rails/rack/logger.rb:26:in `call_app'
  railties (3.2.3) lib/rails/rack/logger.rb:16:in `call'
  actionpack (3.2.3) lib/action_dispatch/middleware/request_id.rb:22:in `call'
  rack (1.4.1) lib/rack/methodoverride.rb:21:in `call'
  rack (1.4.1) lib/rack/runtime.rb:17:in `call'
  activesupport (3.2.3) lib/active_support/cache/strategy/local_cache.rb:72:in `call'
  rack (1.4.1) lib/rack/lock.rb:15:in `call'
  actionpack (3.2.3) lib/action_dispatch/middleware/static.rb:62:in `call'
  railties (3.2.3) lib/rails/engine.rb:479:in `call'
  railties (3.2.3) lib/rails/application.rb:220:in `call'
  rack (1.4.1) lib/rack/content_length.rb:14:in `call'
  railties (3.2.3) lib/rails/rack/log_tailer.rb:14:in `call'
  rack (1.4.1) lib/rack/handler/webrick.rb:59:in `service'
  /usr/lib/ruby/1.9.1/webrick/httpserver.rb:138:in `service'
  /usr/lib/ruby/1.9.1/webrick/httpserver.rb:94:in `run'
  /usr/lib/ruby/1.9.1/webrick/server.rb:191:in `block in start_thread'


  Rendered /usr/lib/ruby/gems/1.9.1/gems/actionpack-3.2.3/lib/action_dispatch/middleware/templates/rescues/routing_error.erb within rescues/layout (0.7ms)


Started GET "/assets/jquery.js?body=1" for 127.0.0.1 at 2012-05-19 23:17:08 -0300
Served asset /jquery.js - 200 OK (1ms)


Started GET "/assets/main.js?body=1" for 127.0.0.1 at 2012-05-19 23:17:08 -0300
Served asset /main.js - 200 OK (0ms)


Started GET "/assets/home.js?body=1" for 127.0.0.1 at 2012-05-19 23:17:08 -0300
Served asset /home.js - 200 OK (0ms)


Started GET "/assets/application.js?body=1" for 127.0.0.1 at 2012-05-19 23:17:08 -0300
Served asset /application.js - 200 OK (2ms)


Started GET "/assets/jquery_ujs.js?body=1" for 127.0.0.1 at 2012-05-19 23:17:08 -0300
Served asset /jquery_ujs.js - 200 OK (0ms)


Started GET "/" for 127.0.0.1 at 2012-05-19 23:34:10 -0300
Processing by HomeController#index as HTML
  Rendered home/index.html.erb within layouts/application (0.1ms)
Compiled global.css  (44ms)  (pid 28285)
Compiled layout.css  (4ms)  (pid 28285)
Completed 200 OK in 94ms (Views: 93.6ms | ActiveRecord: 0.0ms)


Started GET "/assets/styles.css" for 127.0.0.1 at 2012-05-19 23:34:10 -0300
Served asset /styles.css - 404 Not Found (4ms)

ActionController::RoutingError (No route matches [GET] "/assets/styles.css"):
  actionpack (3.2.3) lib/action_dispatch/middleware/debug_exceptions.rb:21:in `call'
  actionpack (3.2.3) lib/action_dispatch/middleware/show_exceptions.rb:56:in `call'
  railties (3.2.3) lib/rails/rack/logger.rb:26:in `call_app'
  railties (3.2.3) lib/rails/rack/logger.rb:16:in `call'
  actionpack (3.2.3) lib/action_dispatch/middleware/request_id.rb:22:in `call'
  rack (1.4.1) lib/rack/methodoverride.rb:21:in `call'
  rack (1.4.1) lib/rack/runtime.rb:17:in `call'
  activesupport (3.2.3) lib/active_support/cache/strategy/local_cache.rb:72:in `call'
  rack (1.4.1) lib/rack/lock.rb:15:in `call'
  actionpack (3.2.3) lib/action_dispatch/middleware/static.rb:62:in `call'
  railties (3.2.3) lib/rails/engine.rb:479:in `call'
  railties (3.2.3) lib/rails/application.rb:220:in `call'
  rack (1.4.1) lib/rack/content_length.rb:14:in `call'
  railties (3.2.3) lib/rails/rack/log_tailer.rb:14:in `call'
  rack (1.4.1) lib/rack/handler/webrick.rb:59:in `service'
  /usr/lib/ruby/1.9.1/webrick/httpserver.rb:138:in `service'
  /usr/lib/ruby/1.9.1/webrick/httpserver.rb:94:in `run'
  /usr/lib/ruby/1.9.1/webrick/server.rb:191:in `block in start_thread'


  Rendered /usr/lib/ruby/gems/1.9.1/gems/actionpack-3.2.3/lib/action_dispatch/middleware/templates/rescues/routing_error.erb within rescues/layout (1.1ms)


Started GET "/assets/global.css?body=1" for 127.0.0.1 at 2012-05-19 23:34:10 -0300
Served asset /global.css - 200 OK (9ms)


Started GET "/assets/main.js?body=1" for 127.0.0.1 at 2012-05-19 23:34:10 -0300
Served asset /main.js - 200 OK (0ms)


Started GET "/assets/home.js?body=1" for 127.0.0.1 at 2012-05-19 23:34:10 -0300
Served asset /home.js - 200 OK (1ms)


Started GET "/assets/jquery_ujs.js?body=1" for 127.0.0.1 at 2012-05-19 23:34:10 -0300
Served asset /jquery_ujs.js - 200 OK (0ms)


Started GET "/assets/jquery.js?body=1" for 127.0.0.1 at 2012-05-19 23:34:10 -0300
Served asset /jquery.js - 200 OK (1ms)


Started GET "/assets/application.js?body=1" for 127.0.0.1 at 2012-05-19 23:34:10 -0300
Served asset /application.js - 200 OK (2ms)


Started GET "/assets/layout.css?body=1" for 127.0.0.1 at 2012-05-19 23:34:10 -0300
Served asset /layout.css - 200 OK (2ms)


Started GET "/" for 127.0.0.1 at 2012-05-19 23:34:34 -0300
Processing by HomeController#index as HTML
  Rendered home/index.html.erb within layouts/application (0.1ms)
Completed 200 OK in 11ms (Views: 11.0ms | ActiveRecord: 0.0ms)


Started GET "/assets/global.css?body=1" for 127.0.0.1 at 2012-05-19 23:34:34 -0300
Served asset /global.css - 200 OK (0ms)


Started GET "/assets/styles.css" for 127.0.0.1 at 2012-05-19 23:34:34 -0300
Served asset /styles.css - 404 Not Found (4ms)

ActionController::RoutingError (No route matches [GET] "/assets/styles.css"):
  actionpack (3.2.3) lib/action_dispatch/middleware/debug_exceptions.rb:21:in `call'
  actionpack (3.2.3) lib/action_dispatch/middleware/show_exceptions.rb:56:in `call'
  railties (3.2.3) lib/rails/rack/logger.rb:26:in `call_app'
  railties (3.2.3) lib/rails/rack/logger.rb:16:in `call'
  actionpack (3.2.3) lib/action_dispatch/middleware/request_id.rb:22:in `call'
  rack (1.4.1) lib/rack/methodoverride.rb:21:in `call'
  rack (1.4.1) lib/rack/runtime.rb:17:in `call'
  activesupport (3.2.3) lib/active_support/cache/strategy/local_cache.rb:72:in `call'
  rack (1.4.1) lib/rack/lock.rb:15:in `call'
  actionpack (3.2.3) lib/action_dispatch/middleware/static.rb:62:in `call'
  railties (3.2.3) lib/rails/engine.rb:479:in `call'
  railties (3.2.3) lib/rails/application.rb:220:in `call'
  rack (1.4.1) lib/rack/content_length.rb:14:in `call'
  railties (3.2.3) lib/rails/rack/log_tailer.rb:14:in `call'
  rack (1.4.1) lib/rack/handler/webrick.rb:59:in `service'
  /usr/lib/ruby/1.9.1/webrick/httpserver.rb:138:in `service'
  /usr/lib/ruby/1.9.1/webrick/httpserver.rb:94:in `run'
  /usr/lib/ruby/1.9.1/webrick/server.rb:191:in `block in start_thread'


  Rendered /usr/lib/ruby/gems/1.9.1/gems/actionpack-3.2.3/lib/action_dispatch/middleware/templates/rescues/routing_error.erb within rescues/layout (0.7ms)


Started GET "/assets/layout.css?body=1" for 127.0.0.1 at 2012-05-19 23:34:34 -0300
Served asset /layout.css - 200 OK (5ms)


Started GET "/assets/jquery.js?body=1" for 127.0.0.1 at 2012-05-19 23:34:34 -0300
Served asset /jquery.js - 200 OK (3ms)


Started GET "/assets/home.js?body=1" for 127.0.0.1 at 2012-05-19 23:34:34 -0300
Served asset /home.js - 200 OK (0ms)


Started GET "/assets/jquery_ujs.js?body=1" for 127.0.0.1 at 2012-05-19 23:34:34 -0300
Served asset /jquery_ujs.js - 200 OK (0ms)


Started GET "/assets/main.js?body=1" for 127.0.0.1 at 2012-05-19 23:34:34 -0300
Served asset /main.js - 200 OK (0ms)


Started GET "/assets/application.js?body=1" for 127.0.0.1 at 2012-05-19 23:34:34 -0300
Served asset /application.js - 200 OK (2ms)


Started GET "/" for 127.0.0.1 at 2012-05-19 23:35:19 -0300
Processing by HomeController#index as HTML
  Rendered home/index.html.erb within layouts/application (0.1ms)
Completed 200 OK in 8ms (Views: 8.1ms | ActiveRecord: 0.0ms)


Started GET "/assets/global.css?body=1" for 127.0.0.1 at 2012-05-19 23:35:19 -0300
Served asset /global.css - 200 OK (0ms)


Started GET "/assets/jquery.js?body=1" for 127.0.0.1 at 2012-05-19 23:35:19 -0300
Served asset /jquery.js - 200 OK (7ms)


Started GET "/assets/jquery_ujs.js?body=1" for 127.0.0.1 at 2012-05-19 23:35:19 -0300
Served asset /jquery_ujs.js - 200 OK (0ms)


Started GET "/assets/main.js?body=1" for 127.0.0.1 at 2012-05-19 23:35:19 -0300
Served asset /main.js - 200 OK (0ms)


Started GET "/assets/home.js?body=1" for 127.0.0.1 at 2012-05-19 23:35:19 -0300
Served asset /home.js - 200 OK (0ms)


Started GET "/assets/application.js?body=1" for 127.0.0.1 at 2012-05-19 23:35:19 -0300
Served asset /application.js - 200 OK (2ms)


Started GET "/assets/layout.css?body=1" for 127.0.0.1 at 2012-05-19 23:35:20 -0300
Served asset /layout.css - 200 OK (0ms)


Started GET "/" for 127.0.0.1 at 2012-05-19 23:51:44 -0300
Processing by HomeController#index as HTML
  Rendered home/index.html.erb within layouts/application (0.0ms)
Compiled layout.css  (18ms)  (pid 28285)
Completed 200 OK in 30ms (Views: 29.7ms | ActiveRecord: 0.0ms)


Started GET "/assets/global.css?body=1" for 127.0.0.1 at 2012-05-19 23:51:44 -0300
Served asset /global.css - 304 Not Modified (0ms)


Started GET "/assets/layout.css?body=1" for 127.0.0.1 at 2012-05-19 23:51:44 -0300
Served asset /layout.css - 200 OK (7ms)


Started GET "/assets/jquery.js?body=1" for 127.0.0.1 at 2012-05-19 23:51:44 -0300
Served asset /jquery.js - 304 Not Modified (6ms)


Started GET "/assets/home.js?body=1" for 127.0.0.1 at 2012-05-19 23:51:44 -0300
Served asset /home.js - 304 Not Modified (0ms)


Started GET "/assets/main.js?body=1" for 127.0.0.1 at 2012-05-19 23:51:44 -0300
Served asset /main.js - 304 Not Modified (0ms)


Started GET "/assets/jquery_ujs.js?body=1" for 127.0.0.1 at 2012-05-19 23:51:44 -0300
Served asset /jquery_ujs.js - 304 Not Modified (0ms)


Started GET "/assets/application.js?body=1" for 127.0.0.1 at 2012-05-19 23:51:44 -0300
Served asset /application.js - 304 Not Modified (1ms)


Started GET "/" for 127.0.0.1 at 2012-05-19 23:57:13 -0300
Processing by HomeController#index as HTML
  Rendered home/index.html.erb within layouts/application (0.0ms)
Completed 200 OK in 8ms (Views: 7.6ms | ActiveRecord: 0.0ms)


Started GET "/assets/global.css?body=1" for 127.0.0.1 at 2012-05-19 23:57:13 -0300
Served asset /global.css - 200 OK (0ms)


Started GET "/assets/jquery.js?body=1" for 127.0.0.1 at 2012-05-19 23:57:13 -0300
Served asset /jquery.js - 200 OK (5ms)


Started GET "/assets/application.js?body=1" for 127.0.0.1 at 2012-05-19 23:57:13 -0300
Served asset /application.js - 200 OK (2ms)


Started GET "/assets/jquery_ujs.js?body=1" for 127.0.0.1 at 2012-05-19 23:57:13 -0300
Served asset /jquery_ujs.js - 200 OK (0ms)


Started GET "/assets/home.js?body=1" for 127.0.0.1 at 2012-05-19 23:57:13 -0300
Served asset /home.js - 200 OK (0ms)


Started GET "/assets/main.js?body=1" for 127.0.0.1 at 2012-05-19 23:57:13 -0300
Served asset /main.js - 200 OK (0ms)


Started GET "/assets/layout.css?body=1" for 127.0.0.1 at 2012-05-19 23:57:13 -0300
Served asset /layout.css - 200 OK (0ms)


Started GET "/" for 127.0.0.1 at 2012-05-21 01:44:14 -0300
Processing by HomeController#index as HTML
  Rendered home/index.html.erb within layouts/application (2.3ms)
Completed 200 OK in 58ms (Views: 57.8ms | ActiveRecord: 0.0ms)


Started GET "/assets/layout.css?body=1" for 127.0.0.1 at 2012-05-21 01:44:15 -0300
Served asset /layout.css - 304 Not Modified (2ms)


Started GET "/assets/home.js?body=1" for 127.0.0.1 at 2012-05-21 01:44:15 -0300
Served asset /home.js - 304 Not Modified (1ms)


Started GET "/assets/jquery.js?body=1" for 127.0.0.1 at 2012-05-21 01:44:15 -0300
Served asset /jquery.js - 304 Not Modified (5ms)


Started GET "/assets/jquery_ujs.js?body=1" for 127.0.0.1 at 2012-05-21 01:44:15 -0300
Served asset /jquery_ujs.js - 304 Not Modified (2ms)


Started GET "/assets/global.css?body=1" for 127.0.0.1 at 2012-05-21 01:44:15 -0300
Served asset /global.css - 304 Not Modified (1ms)


Started GET "/assets/main.js?body=1" for 127.0.0.1 at 2012-05-21 01:44:15 -0300
Served asset /main.js - 304 Not Modified (2ms)


Started GET "/assets/application.js?body=1" for 127.0.0.1 at 2012-05-21 01:44:15 -0300
Served asset /application.js - 304 Not Modified (10ms)
